         w __deregister_frame_info
         w __register_frame_info
         w userAppExit
         w userAppInit
00000000 00000802 B __ctru_dev_utf16_buf
00000000 A __sync_synchronize
00000000 b _TLS_MODULE_BASE_
00000000 a shift
00000000 a shift
00000804 00000401 B __ctru_dev_path_buf
00100000 A __start__
00100000 T _start
00100008 T __service_ptr
0010000c T __apt_appid
00100010 T __heap_size
00100014 T __linear_heap_size
00100018 T __system_arglist
0010001c T __system_runflags
00100020 t startup
00100058 t ClearMem
0010006c t ClrLoop
00100094 T _init
001000ac T __aeabi_idiv
001000ac 00000220 T __divsi3
001000b4 t .divsi3_skip_div0_test
001002cc 00000020 T __aeabi_idivmod
001002ec 00000004 W __aeabi_idiv0
001002ec 00000004 W __aeabi_ldiv0
001002f0 0000019c T __aeabi_frsub
001002f8 00000194 T __aeabi_fsub
001002f8 00000194 T __subsf3
001002fc 00000190 T __addsf3
001002fc 00000190 T __aeabi_fadd
0010048c 00000028 T __aeabi_ui2f
0010048c 00000028 T __floatunsisf
00100494 00000020 T __aeabi_i2f
00100494 00000020 T __floatsisf
001004b4 0000008c T __aeabi_ul2f
001004b4 0000008c T __floatundisf
001004c4 0000007c T __aeabi_l2f
001004c4 0000007c T __floatdisf
00100540 T __aeabi_ldivmod
00100614 T __aeabi_uldivmod
00100668 00000390 T strcmp
001009f0 t .udivsi3_skip_div0_test
001009f0 T __aeabi_uidiv
001009f0 000001ec T __udivsi3
00100bdc 00000020 T __aeabi_uidivmod
00100bfc t __do_global_dtors_aux
00100c4c t frame_dummy
00100c78 00000004 W InputManager::~InputManager()
00100c78 00000004 W InputManager::~InputManager()
00100c7c 0000001c W InputManager::~InputManager()
00100c98 00000098 T main
00100d30 00000018 T InputManager::Update(float)
00100d48 00000020 T Timer::Timer()
00100d48 00000020 T Timer::Timer()
00100d68 00000054 T Timer::Tick()
00100dbc 000001c8 T consoleDrawChar
00100f84 00000170 T consolePrintChar
001010f4 00000cc8 T con_write
00101dbc 000000fc t newRow
00101eb8 00000180 T consoleInit
00102038 000000cc t gfxPresentFramebuffer
00102104 0000001c T gfxIsWide
00102120 000000f8 T gfxSetScreenFormat
00102218 00000010 T gfxSetDoubleBuffering
00102228 000000d8 T gfxInit
00102300 00000010 T gfxInitDefault
00102310 000000b8 T gfxExit
001023c8 000000a0 T gfxGetFramebuffer
00102468 00000100 T gfxFlushBuffers
00102568 00000050 T gfxSwapBuffers
001025b8 00000050 T gfxSwapBuffersGpu
00102608 00000054 T osGetTimeRef
0010265c 000000ec T osGetTime
00102748 00000034 T __ctru_speedup_config
0010277c 00000180 t aptConvertScreenForCapture
001028fc 00000008 W aptDspSleep
00102904 00000004 W aptDspWakeup
00102908 00000004 W aptDspCancel
0010290c 00000138 T aptSendCommand
00102a48 00000044 t aptExitProcess
00102a8c 00000394 T aptExit
00102e20 000000d8 T aptHandleSleep
00102ef8 00000084 T APT_SleepIfShellClosed
00102f7c 00000078 T aptSetSleepAllowed
00102ff4 00000084 T APT_UnlockTransition
00103078 00000470 t aptEventHandler
001034e8 000000bc T APT_ReceiveParameter
001035a4 000000b0 t aptReceiveParameter.constprop.0
00103658 00000294 t aptScreenTransfer
001038ec 000002d0 t aptWaitForWakeUp.isra.0
00103bbc 000000f4 T aptJumpToHomeMenu
00103cb0 00000058 T aptMainLoop
00103d08 00000240 T aptInit
00103f48 00000090 T APT_CheckNew3DS
00103fd8 00000c70 t gspHardwareInit
00104c48 00000288 T gspInit
00104ed0 00000104 T gspExit
00104fd4 00000010 T gspHasGpuRight
00104fe4 000000a4 T gspPresentBuffer
00105088 00000050 T gspWaitForEvent
001050d8 00000004 W gxCmdQueueInterrupt
001050dc 00000154 t gspEventThreadMain
00105230 00000050 T GSPGPU_FlushDataCache
00105280 00000034 T GSPGPU_SetLcdForceBlack
001052b4 00000084 T GSPGPU_AcquireRight
00105338 00000064 T GSPGPU_ReleaseRight
0010539c 0000007c T GSPGPU_ImportDisplayCaptureInfo
00105418 0000002c T GSPGPU_SaveVramSysArea
00105444 0000002c T GSPGPU_RestoreVramSysArea
00105470 00000024 W hidShouldUseIrrst
00105494 000001cc T hidInit
00105660 000000e8 T hidExit
00105748 000002a0 T hidScanInput
001059e8 00000010 T hidKeysDown
001059f8 000001a4 T irrstInit
00105b9c 000000dc T irrstExit
00105c78 000000b4 T irrstScanInput
00105d2c 00000024 T irrstKeysHeld
00105d50 00000078 T ptmSysmInit
00105dc8 0000003c T ptmSysmExit
00105e04 00000034 T PTMSYSM_ConfigureNew3DSCPU
00105e38 00000038 W __libctru_init
00105e70 0000016c W __system_initArgv
00105fdc 00000030 T __syscall_getreent
0010600c 00000004 T __syscall_lock_acquire
00106010 00000004 T __syscall_lock_release
00106014 00000004 T __syscall_lock_acquire_recursive
00106018 00000004 T __syscall_lock_release_recursive
0010601c 00000004 T __syscall_exit
00106020 00000054 T initThreadVars
00106074 00000080 T __system_initSyscalls
001060f4 T svcControlMemory
00106114 T svcQueryMemory
00106144 T svcExitProcess
0010614c T svcCreateThread
0010616c T svcExitThread
00106174 T svcSleepThread
0010617c T svcReleaseMutex
00106184 T svcCreateEvent
00106198 T svcSignalEvent
001061a0 T svcClearEvent
001061a8 T svcMapMemoryBlock
001061b0 T svcUnmapMemoryBlock
001061b8 T svcCreateAddressArbiter
001061cc T svcArbitrateAddressNoTimeout
001061d4 T svcCloseHandle
001061dc T svcWaitSynchronization
001061e4 T svcWaitSynchronizationN
0010620c T svcDuplicateHandle
00106220 T svcGetSystemTick
00106228 T svcConnectToPort
0010623c T svcSendSyncRequest
00106244 T svcGetResourceLimit
00106258 T svcGetResourceLimitLimitValues
00106260 T svcGetResourceLimitCurrentValues
00106268 T svcBreak
00106270 W initSystem
001062c0 W __ctru_exit
001062d4 00000024 t addrMapNodeComparator(rbtree_node const*, rbtree_node const*)
001062f8 00000004 t addrMapNodeDestructor(rbtree_node*)
001062fc 0000012c T linearMemAlign
00106428 00000008 T linearAlloc
00106430 0000005c T linearFree
0010648c 00000088 T MemPool::CoalesceRight(MemBlock*)
00106514 00000178 T MemPool::Allocate(MemChunk&, unsigned long, int)
0010668c 00000118 T MemPool::Deallocate(MemChunk const&)
001067a4 00000030 T MemPool::GetFreeSpace()
001067d4 00000024 t addrMapNodeComparator(rbtree_node const*, rbtree_node const*)
001067f8 00000004 t addrMapNodeDestructor(rbtree_node*)
001067fc 00000248 T vramMemAlignAt
00106a44 0000000c T vramAlloc
00106a50 00000094 T vramFree
00106ae4 0000008c W envGetHandle
00106b70 00000050 W envDestroyHandles
00106bc0 00000164 T srvInit
00106d24 00000064 T srvExit
00106d88 00000060 T srvEnableNotification
00106de8 000000a0 T srvGetServiceHandleDirect
00106e88 00000048 T srvGetServiceHandle
00106ed0 00000034 T srvSubscribe
00106f04 00000060 T srvReceiveNotification
00106f64 00000038 T srvPublishToSubscriber
00106f9c 0000000c T __sync_init
00106fa8 00000018 T __sync_fini
00106fc0 00000028 T syncArbitrateAddress
00106fe8 000000ac T LightLock_Lock
00107094 00000040 T LightLock_Unlock
001070d4 00000054 T RecursiveLock_Lock
00107128 00000054 T RecursiveLock_Unlock
0010717c 00000044 T LightEvent_Init
001071c0 000000b8 T LightEvent_Clear
00107278 000000dc T LightEvent_Signal
00107354 00000050 T LightEvent_TryWait
001073a4 000000ac T LightEvent_Wait
00107450 000001fc T threadCreate
0010764c 00000038 T threadFree
00107684 00000024 T threadJoin
001076a8 00000030 T threadGetCurrent
001076d8 00000040 T threadExit
00107718 00000020 t _thread_begin
00107738 00000090 t mappableFindAddressWithin
001077c8 00000028 T mappableInit
001077f0 0000007c T mappableAlloc
0010786c 00000004 T mappableFree
00107870 0000000c T srvPmGetSessionHandle
0010787c 00000074 T rbtree_find
001078f0 00000010 T rbtree_init
00107900 00000198 t do_insert
00107a98 00000008 T rbtree_insert
00107aa0 00000310 T rbtree_remove
00107db0 00000090 T rbtree_rotate
00107e40 000001e8 W __system_allocateHeaps
00108028 00000030 W __appExit
00108058 00000030 W __appInit
00108088 00000090 W __libctru_exit
00108118 00000024 t error_cmp
0010813c 00000050 t archive_translate_error
0010818c 000000c0 t archive_seek
0010824c 00000078 t _archiveInit.part.0
001082c4 00000110 t archiveFindDevice.part.0
001083d4 00000298 t archive_utf16path
0010866c 00000098 t _archiveUnmountDeviceStruct.part.0
00108704 00000178 t _archiveMountDevice
0010887c 000000f8 t archive_diropen
00108974 000000ac t archive_fstat
00108a20 00000074 t archive_fsync
00108a94 00000074 t archive_close
00108b08 00000078 t archive_dirclose
00108b80 000000ec t sdmc_statvfs
00108c6c 000000f8 t archive_chdir
00108d64 0000008c t archive_ftruncate
00108df0 000000bc t archive_read
00108eac 000000a8 t archive_unlink
00108f54 000000c0 t archive_rmdir
00109014 000000d8 t archive_mkdir
001090ec 000001a0 t archive_stat
0010928c 00000164 t archive_dirnext
001093f0 0000013c t archive_write
00109530 00000254 t archive_open
00109784 00000270 t archive_rename
001099f4 000001c8 T archiveMountSdmc
00109bbc 00000054 T archiveUnmountAll
00109c10 00000104 T fsInit
00109d14 0000003c T fsExit
00109d50 00000068 T fsExemptFromSession
00109db8 00000050 T fsUnexemptFromSession
00109e08 000000cc T FSUSER_OpenFile
00109ed4 000000b8 T FSUSER_DeleteFile
00109f8c 000000f4 T FSUSER_RenameFile
0010a080 000000b8 T FSUSER_DeleteDirectory
0010a138 000000d0 T FSUSER_CreateFile
0010a208 000000c0 T FSUSER_CreateDirectory
0010a2c8 000000f4 T FSUSER_RenameDirectory
0010a3bc 000000b4 T FSUSER_OpenDirectory
0010a470 00000090 T FSUSER_OpenArchive
0010a500 0000008c T FSUSER_CloseArchive
0010a58c 00000074 T FSUSER_GetSdmcArchiveResource
0010a600 00000064 T FSUSER_IsSdmcWritable
0010a664 00000064 T FSFILE_Read
0010a6c8 0000006c T FSFILE_Write
0010a734 00000044 T FSFILE_GetSize
0010a778 00000028 T FSFILE_SetSize
0010a7a0 0000003c T FSFILE_Close
0010a7dc 00000024 T FSFILE_Flush
0010a800 00000060 T FSDIR_Read
0010a860 0000003c T FSDIR_Close
0010a89c 00000060 T rbtree_node_next
0010a8fc 00000140 T decode_utf8
0010aa3c 000000e8 T utf16_to_utf8
0010ab24 000000c0 T utf8_to_utf16
0010abe4 T __aeabi_read_tp
0010abf0 00000054 T decode_utf16
0010ac44 00000054 T encode_utf16
0010ac98 000000e0 T encode_utf8
0010ad78 00000004 T operator delete(void*)
0010ad7c 00000130 T __udivmoddi4
0010aeac 000000e4 T strncat
0010af90 00000128 T memcpy
0010b0b8 0000008c T strlen
0010b144 00000078 T bsearch
0010b1bc 00000028 T memalign
0010b1e4 00000034 T printf
0010b218 000001ec t _strtoul_l.isra.0
0010b404 0000003c T strtoul
0010b440 0000016c T _memalign_r
0010b5ac 0000000c T __errno
0010b5b8 000000e4 T memset
0010b69c 0000022c T __sflush_r
0010b8c8 000000c4 T _fflush_r
0010b98c 0000082c T _malloc_r
0010c1b8 00000114 T _malloc_trim_r
0010c2cc 00000314 T _free_r
0010c5e0 00000294 T setvbuf
0010c874 0000001c t stdio_exit_handler
0010c890 0000005c t cleanup_stdio
0010c8ec 00000154 t global_stdio_init.part.0
0010ca40 0000005c T __sinit
0010ca9c 0000000c T __sfp_lock_acquire
0010caa8 0000000c T __sfp_lock_release
0010cab4 00000084 T __libc_init_array
0010cb38 000000d4 T strncpy
0010cc0c 00000040 T malloc
0010cc4c 00000020 T free
0010cc6c 00000044 T __sread
0010ccb0 00000068 T __swrite
0010cd18 00000040 T __sseek
0010cd58 00000008 T __sclose
0010cd60 0000000c T __malloc_lock
0010cd6c 0000000c T __malloc_unlock
0010cd78 00000148 T _fclose_r
0010cec0 00000004 W __call_exitprocs
0010cec4 00000030 T exit
0010cef4 0000003c T __libc_fini_array
0010cf30 0000003c T strnlen
0010cf6c 000000d8 T strncmp
0010d044 00000070 T _fwalk_sglue
0010d0b4 000005e0 t get_arg
0010d698 00003554 T _vfprintf_r
00110bec 000000b4 t __sbprintf
00110ca0 000000a0 T _wcrtomb_r
00110d40 00000164 T __smakebuf_r
00110ea4 00000090 T __swhatbuf_r
00110f34 00000024 T __locale_mb_cur_max
00110f58 00000030 T __sprint_r
00110f88 000001c0 t quorem
00111148 00001420 T _dtoa_r
00112568 000000e8 T memchr
00112650 00000028 T _wcsrtombs_r
00112678 00000140 T __swsetup_r
001127b8 00000024 T _localeconv_r
001127dc 000000f8 T __utf8_wctomb
001128d4 0000015c T _wcsnrtombs_l
00112a30 00000064 T _wcsnrtombs_r
00112a98 00000088 T frexp
00112b20 0000005c T __assert_func
00112b7c 00000088 T _Balloc
00112c04 0000001c T _Bfree
00112c20 000000f4 T __multadd
00112d14 00000080 T __hi0bits
00112d94 000000f0 T __lo0bits
00112e84 000000a4 T __i2b
00112f28 00000230 T __multiply
00113158 00000130 T __pow5mult
00113288 00000138 T __lshift
001133c0 00000058 T __mcmp
00113418 00000218 T __mdiff
00113630 00000120 T __d2b
00113750 00000340 T __utf8_mbtowc
00113a90 0000003c T fiprintf
00113acc 000004a4 T __sfvwrite_r
00113f70 00000140 T strchr
001140b0 00000014 T abort
001140c4 000000d8 T _calloc_r
0011419c 000001a8 T memmove
00114344 000004f0 T _realloc_r
00114834 000005e0 t get_arg
00114e14 000022f8 T _vfiprintf_r
0011710c 000000b4 t __sbprintf
001171c0 0000009c T _raise_r
0011725c 00000020 T raise
0011727c 00000020 T _exit
0011729c 00000140 T chdir
001173dc 000001c8 T _concatenate_path
001175a4 0000009c T _fstat_r
00117640 00000014 T _getpid_r
00117654 0000002c T __getreent
00117680 00000058 T __get_handle
001176d8 00000110 T _close_r
001177e8 00000008 t null_write
001177f0 00000018 T setDefaultDevice
00117808 00000098 T FindDevice
001178a0 00000024 T RemoveDevice
001178c4 00000088 T AddDevice
0011794c 00000020 T GetDeviceOpTab
0011796c 00000008 T _isatty_r
00117974 00000014 T _kill_r
00117988 00000094 T _lseek_r
00117a1c 00000094 T _read_r
00117ab0 00000078 W _sbrk_r
00117b28 0000001c T __libc_lock_acquire
00117b44 0000001c T __libc_lock_release
00117b60 0000001c T __libc_lock_acquire_recursive
00117b7c 0000001c T __libc_lock_release_recursive
00117b98 00000094 T _write_r
00117c2c 00000048 T strrchr
00117c74 T _fini
00118150 r .LC2
00118294 00000010 V vtable for InputManager
001184e8 00000080 r dotab_stdout
00118568 00000018 r grayScale
00118580 00000006 r colorCube
00118588 00000030 r colorTable
001185d4 00000008 r morton_y.2
001185dc 00000008 r morton_x.3
001185e4 00000008 r s_sleepWakeEvents.4
001185ec 0000000c r serviceNameTable.5
001185f8 R default_font_bin
00118df8 R default_font_bin_end
00118df8 00000030 r error_table
00118e28 00000080 r archive_devoptab
00118ea8 00000101 R _ctype_
001190d0 00000010 r zeroes.0
001190e0 00000010 r blanks.1
001190f0 0000006c R __action_table
0011915c 0000006c R __state_table
001191c8 00000100 R __chclass
001192d0 0000000c r p05.0
001192e0 00000028 R __mprec_bigtens
00119308 000000c8 R __mprec_tens
001194bc 00000010 r zeroes.0
001194cc 00000010 r blanks.1
001194dc 00000080 R dotab_stdnull
0011955c R __tdata_align
00119560 r __EH_FRAME_BEGIN__
00119560 R __exidx_start
00119568 R __exidx_end
0011a000 00000001 d firstConsoleInit.0
0011a004 00000004 D currentConsole
0011a008 00000048 D defaultConsole
0011a050 00000004 d aptChainloadDeliverArgSize
0011a054 00000004 d kCount
0011a058 00000004 d kInterval
0011a05c 00000004 d kDelay
0011a060 W __stacksize__
0011a064 00000004 D _impure_ptr
0011a068 00000200 D _impure_data
0011a268 00000004 D __malloc_sbrk_base
0011a26c 00000004 D __malloc_trim_threshold
0011a270 00000408 D __malloc_av_
0011a678 0000000c D __sglue
0011a684 00000254 D __global_locale
0011a8d8 00000400 d _current_working_directory
0011acd8 00001000 d handles
0011bcd8 0000000c d __stderr_handle
0011bce4 0000000c d __stdout_handle
0011bcf0 0000000c d __stdin_handle
0011bcfc 0000008c D devoptab_list
0011bd88 00000004 d defaultDevice
0011bd94 d _GLOBAL_OFFSET_TABLE_
0011bda0 d __frame_dummy_init_array_entry
0011bda0 D __init_array_start
0011bda0 B __preinit_array_end
0011bda0 B __preinit_array_start
0011bda0 D __tdata_lma
0011bda0 D __tdata_lma_end
0011bda4 d __do_global_dtors_aux_fini_array_entry
0011bda4 D __fini_array_start
0011bda4 D __init_array_end
0011bda8 D __bss_start__
0011bda8 D __fini_array_end
0011bda8 b completed.1
0011bdac b object.0
0011bdc4 00000064 b escapeSeq
0011be28 00000048 B currentCopy
0011be70 00000004 b screenAlloc
0011be74 00000004 b screenFree
0011be78 00000002 b gfxIsDoubleBuf
0011be7c 00000002 b gfxCurBuf
0011be7e 00000001 b gfxIsVram
0011be7f 00000001 b gfxTopMode
0011be80 00000002 b gfxFramebufferFormats
0011be84 00000004 b gfxBottomFramebufferMaxSize
0011be88 00000004 b gfxTopFramebufferMaxSize
0011be90 00000008 b gfxBottomFramebuffers
0011be98 00000008 b gfxTopFramebuffers
0011bea0 00000001 V __ctru_speedup
0011bea1 00000001 b flagValue.0
0011bea2 00000001 b flagInit.1
0011bea4 00000004 b serviceName.6
0011bea8 00000001 b aptChainloadFlags
0011bea9 00000001 b aptChainloadMediatype
0011beac 00000020 b aptChainloadHmac
0011becc 00000300 b aptChainloadDeliverArg
0011c1d0 00000008 b aptChainloadTid
0011c1d8 00001000 b aptParameters
0011d1d8 00000004 b aptFlags
0011d1dc 00000001 b aptHomeButtonState
0011d1e0 00000004 b aptMessageFuncData
0011d1e4 00000004 b aptMessageFunc
0011d1e8 0000000c b aptFirstHook
0011d1f4 00000001 b aptEventHandlerThreadQuit
0011d1f8 00000004 b aptEventHandlerThread
0011d1fc 00000008 b aptSleepEvent
0011d204 00000008 b aptReceiveEvent
0011d20c 00000008 b aptEvents
0011d214 00000004 b aptLockHandle
0011d218 00000004 b aptRefCount
0011d21c 00000007 b gspEventCbOneShot
0011d224 0000001c b gspEventCbData
0011d240 0000001c b gspEventCb
0011d25c 00000038 b gspEvents
0011d294 00000004 b gspLastEvent
0011d298 00000001 b gspRunEvents
0011d29c 00000004 b gspEventThread
0011d2a0 00000004 b gspEvent
0011d2a4 00000001 b gspGpuRight
0011d2a5 00000001 b gspThreadId
0011d2a8 00000004 b gspSharedMem
0011d2ac 00000004 b gspSharedMemHandle
0011d2b0 00000004 b gspRefCount
0011d2b4 00000004 b gspGpuHandle
0011d2b8 00000001 b usingIrrst
0011d2bc 00000004 b hidRefCount
0011d2c0 00000006 b gRate
0011d2c8 00000006 b aVec
0011d2d0 00000004 b cPos
0011d2d4 00000004 b tPos
0011d2d8 00000004 b kRepeat
0011d2dc 00000004 b kUp
0011d2e0 00000004 b kDown
0011d2e4 00000004 b kHeld
0011d2e8 00000004 b kOld
0011d2ec 00000004 B hidSharedMem
0011d2f0 00000014 B hidEvents
0011d304 00000004 B hidMemHandle
0011d308 00000004 B hidHandle
0011d30c 00000004 b irrstRefCount
0011d310 00000004 b csPos
0011d314 00000004 b kHeld
0011d318 00000004 B irrstSharedMem
0011d31c 00000004 B irrstEvent
0011d320 00000004 B irrstMemHandle
0011d324 00000004 B irrstHandle
0011d328 00000004 b ptmSysmRefCount
0011d32c 00000004 b ptmSysmHandle
0011d330 00000004 B __system_retAddr
0011d334 00000004 B __system_argv
0011d338 00000004 B __system_argc
0011d33c b saved_stack
0011d348 00000008 b sLinearPool
0011d350 0000000c b sAddrMap
0011d360 00000008 b sVramPoolB
0011d368 00000008 b sVramPoolA
0011d370 0000000c b sAddrMap
0011d37c 00000004 B __3dslink_host
0011d380 00000004 b srvRefCount
0011d384 00000004 b srvHandle
0011d388 00000004 b arbiter
0011d38c 00000004 b currentAddr
0011d390 00000004 b maxAddr
0011d394 00000004 b minAddr
0011d398 00000004 b srvPmHandle
0011d39c 00000004 V __ctru_linear_heap_size
0011d3a0 00000004 V __ctru_heap_size
0011d3a4 00000004 B __ctru_linear_heap
0011d3a8 00000004 B __ctru_heap
0011d3b0 000005c0 b archive_devices
0011d970 00000004 b archive_device_cwd
0011d974 00000001 b archive_initialized
0011d978 00000080 b fsExemptArchives
0011d9f8 00000004 b fsuRefCount
0011d9fc 00000004 b fsuHandle
0011da00 00000028 B __malloc_current_mallinfo
0011da28 00000004 B __malloc_max_total_mem
0011da2c 00000004 B __malloc_max_sbrked_mem
0011da30 00000004 B __malloc_top_pad
0011da34 0000000c b __sfp_recursive_mutex
0011da40 00000168 B __sf
0011dba8 00000004 B __stdio_exit_handler
0011dbac 0000000c b __malloc_recursive_mutex
0011dbb8 00000400 b temp_cwd
0011dfb8 00000004 b __hndl_lock
0011dfbc 00000004 B fake_heap_start
0011dfc0 00000004 B fake_heap_end
0011dfc4 00000004 b heap_start.0
0011dfc8 B __tls_start
0011ebd0 B __bss_end__
0011ebd0 A __end__
0011ebd0 B __tls_end
